TN:
SF:/Users/yashmadhwal/Documents/Yash Madhwal/Ongoing (Reseach)/H2_Project/HydrogenProduction-contract/contracts/HydrogenProductions.sol
FN:31,constructor
FN:39,setWaterRequirement
FN:44,setElectricityRequirement
FN:49,setWaterProvider
FN:54,setEnergyProvider
FN:59,setFuelProvider
FN:64,mintEnergy
FN:69,mintWater
FN:74,_min
FN:78,mintHydrogen
FN:109,onlyRenewable
FN:114,onlyWater
FN:119,onlyElectrolyser
FNF:13
FNH:13
FNDA:15,constructor
FNDA:2,setWaterRequirement
FNDA:2,setElectricityRequirement
FNDA:9,setWaterProvider
FNDA:9,setEnergyProvider
FNDA:9,setFuelProvider
FNDA:7,mintEnergy
FNDA:7,mintWater
FNDA:5,_min
FNDA:5,mintHydrogen
FNDA:11,onlyRenewable
FNDA:11,onlyWater
FNDA:12,onlyElectrolyser
DA:32,15
DA:35,15
DA:36,15
DA:40,2
DA:41,1
DA:45,2
DA:46,1
DA:50,9
DA:51,9
DA:55,9
DA:56,9
DA:60,9
DA:61,9
DA:65,7
DA:66,5
DA:70,7
DA:71,5
DA:75,5
DA:80,5
DA:81,5
DA:83,5
DA:84,5
DA:86,5
DA:87,5
DA:88,5
DA:97,5
DA:99,5
DA:101,5
DA:102,5
DA:104,5
DA:105,5
DA:106,5
DA:110,11
DA:111,7
DA:115,11
DA:116,7
DA:120,12
DA:121,9
LF:38
LH:38
BRDA:40,1,0,1
BRDA:40,1,1,1
BRDA:45,2,0,1
BRDA:45,2,1,1
BRDA:50,3,0,9
BRDA:50,3,1,0
BRDA:55,4,0,9
BRDA:55,4,1,0
BRDA:60,5,0,9
BRDA:60,5,1,0
BRDA:65,6,0,5
BRDA:65,6,1,2
BRDA:70,7,0,5
BRDA:70,7,1,2
BRDA:83,8,0,5
BRDA:83,8,1,0
BRDA:84,9,0,5
BRDA:84,9,1,0
BRDA:110,10,0,7
BRDA:110,10,1,4
BRDA:115,11,0,7
BRDA:115,11,1,4
BRDA:120,12,0,9
BRDA:120,12,1,3
BRF:24
BRH:19
end_of_record
