{"contracts/HydrogenProductions.sol":{"l":{"32":15,"35":15,"36":15,"40":2,"41":1,"45":2,"46":1,"50":9,"51":9,"55":9,"56":9,"60":9,"61":9,"65":7,"66":5,"70":7,"71":5,"75":5,"80":5,"81":5,"83":5,"84":5,"86":5,"87":5,"88":5,"97":5,"99":5,"101":5,"102":5,"104":5,"105":5,"106":5,"110":11,"111":7,"115":11,"116":7,"120":12,"121":9},"path":"/Users/yashmadhwal/Documents/Yash Madhwal/Ongoing (Reseach)/H2_Project/HydrogenProduction-contract/contracts/HydrogenProductions.sol","s":{"1":15,"2":15,"3":15,"4":2,"5":1,"6":2,"7":1,"8":9,"9":9,"10":9,"11":9,"12":9,"13":9,"14":7,"15":5,"16":7,"17":5,"18":5,"19":5,"20":5,"21":5,"22":5,"23":5,"24":5,"25":5,"26":5,"27":5,"28":5,"29":5,"30":5,"31":5,"32":5,"33":11,"34":11,"35":12},"b":{"1":[1,1],"2":[1,1],"3":[9,0],"4":[9,0],"5":[9,0],"6":[5,2],"7":[5,2],"8":[5,0],"9":[5,0],"10":[7,4],"11":[7,4],"12":[9,3]},"f":{"1":15,"2":2,"3":2,"4":9,"5":9,"6":9,"7":7,"8":7,"9":5,"10":5,"11":11,"12":11,"13":12},"fnMap":{"1":{"name":"constructor","line":31,"loc":{"start":{"line":31,"column":4},"end":{"line":37,"column":4}}},"2":{"name":"setWaterRequirement","line":39,"loc":{"start":{"line":39,"column":4},"end":{"line":42,"column":4}}},"3":{"name":"setElectricityRequirement","line":44,"loc":{"start":{"line":44,"column":4},"end":{"line":47,"column":4}}},"4":{"name":"setWaterProvider","line":49,"loc":{"start":{"line":49,"column":4},"end":{"line":52,"column":4}}},"5":{"name":"setEnergyProvider","line":54,"loc":{"start":{"line":54,"column":4},"end":{"line":57,"column":4}}},"6":{"name":"setFuelProvider","line":59,"loc":{"start":{"line":59,"column":4},"end":{"line":62,"column":4}}},"7":{"name":"mintEnergy","line":64,"loc":{"start":{"line":64,"column":4},"end":{"line":67,"column":4}}},"8":{"name":"mintWater","line":69,"loc":{"start":{"line":69,"column":4},"end":{"line":72,"column":4}}},"9":{"name":"_min","line":74,"loc":{"start":{"line":74,"column":4},"end":{"line":76,"column":4}}},"10":{"name":"mintHydrogen","line":78,"loc":{"start":{"line":78,"column":4},"end":{"line":107,"column":4}}},"11":{"name":"onlyRenewable","line":109,"loc":{"start":{"line":109,"column":4},"end":{"line":112,"column":4}}},"12":{"name":"onlyWater","line":114,"loc":{"start":{"line":114,"column":4},"end":{"line":117,"column":4}}},"13":{"name":"onlyElectrolyser","line":119,"loc":{"start":{"line":119,"column":4},"end":{"line":122,"column":4}}}},"statementMap":{"1":{"start":{"line":32,"column":8},"end":{"line":32,"column":40}},"2":{"start":{"line":35,"column":8},"end":{"line":35,"column":29}},"3":{"start":{"line":36,"column":8},"end":{"line":36,"column":35}},"4":{"start":{"line":40,"column":8},"end":{"line":40,"column":67}},"5":{"start":{"line":41,"column":8},"end":{"line":41,"column":37}},"6":{"start":{"line":45,"column":8},"end":{"line":45,"column":73}},"7":{"start":{"line":46,"column":8},"end":{"line":46,"column":49}},"8":{"start":{"line":50,"column":8},"end":{"line":50,"column":65}},"9":{"start":{"line":51,"column":8},"end":{"line":51,"column":30}},"10":{"start":{"line":55,"column":8},"end":{"line":55,"column":66}},"11":{"start":{"line":56,"column":8},"end":{"line":56,"column":36}},"12":{"start":{"line":60,"column":8},"end":{"line":60,"column":64}},"13":{"start":{"line":61,"column":8},"end":{"line":61,"column":29}},"14":{"start":{"line":65,"column":8},"end":{"line":65,"column":61}},"15":{"start":{"line":66,"column":8},"end":{"line":66,"column":55}},"16":{"start":{"line":70,"column":8},"end":{"line":70,"column":60}},"17":{"start":{"line":71,"column":8},"end":{"line":71,"column":49}},"18":{"start":{"line":75,"column":8},"end":{"line":75,"column":58}},"19":{"start":{"line":80,"column":8},"end":{"line":80,"column":64}},"20":{"start":{"line":81,"column":8},"end":{"line":81,"column":70}},"21":{"start":{"line":83,"column":8},"end":{"line":83,"column":68}},"22":{"start":{"line":84,"column":8},"end":{"line":84,"column":76}},"23":{"start":{"line":86,"column":8},"end":{"line":86,"column":53}},"24":{"start":{"line":87,"column":8},"end":{"line":87,"column":61}},"25":{"start":{"line":88,"column":8},"end":{"line":88,"column":31}},"26":{"start":{"line":97,"column":8},"end":{"line":97,"column":53}},"27":{"start":{"line":99,"column":8},"end":{"line":99,"column":64}},"28":{"start":{"line":101,"column":8},"end":{"line":101,"column":63}},"29":{"start":{"line":102,"column":8},"end":{"line":102,"column":75}},"30":{"start":{"line":104,"column":8},"end":{"line":104,"column":62}},"31":{"start":{"line":105,"column":8},"end":{"line":105,"column":46}},"32":{"start":{"line":106,"column":8},"end":{"line":106,"column":57}},"33":{"start":{"line":110,"column":8},"end":{"line":110,"column":74}},"34":{"start":{"line":115,"column":8},"end":{"line":115,"column":69}},"35":{"start":{"line":120,"column":8},"end":{"line":120,"column":69}}},"branchMap":{"1":{"line":40,"type":"if","locations":[{"start":{"line":40,"column":8},"end":{"line":40,"column":8}},{"start":{"line":40,"column":8},"end":{"line":40,"column":8}}]},"2":{"line":45,"type":"if","locations":[{"start":{"line":45,"column":8},"end":{"line":45,"column":8}},{"start":{"line":45,"column":8},"end":{"line":45,"column":8}}]},"3":{"line":50,"type":"if","locations":[{"start":{"line":50,"column":8},"end":{"line":50,"column":8}},{"start":{"line":50,"column":8},"end":{"line":50,"column":8}}]},"4":{"line":55,"type":"if","locations":[{"start":{"line":55,"column":8},"end":{"line":55,"column":8}},{"start":{"line":55,"column":8},"end":{"line":55,"column":8}}]},"5":{"line":60,"type":"if","locations":[{"start":{"line":60,"column":8},"end":{"line":60,"column":8}},{"start":{"line":60,"column":8},"end":{"line":60,"column":8}}]},"6":{"line":65,"type":"if","locations":[{"start":{"line":65,"column":8},"end":{"line":65,"column":8}},{"start":{"line":65,"column":8},"end":{"line":65,"column":8}}]},"7":{"line":70,"type":"if","locations":[{"start":{"line":70,"column":8},"end":{"line":70,"column":8}},{"start":{"line":70,"column":8},"end":{"line":70,"column":8}}]},"8":{"line":83,"type":"if","locations":[{"start":{"line":83,"column":8},"end":{"line":83,"column":8}},{"start":{"line":83,"column":8},"end":{"line":83,"column":8}}]},"9":{"line":84,"type":"if","locations":[{"start":{"line":84,"column":8},"end":{"line":84,"column":8}},{"start":{"line":84,"column":8},"end":{"line":84,"column":8}}]},"10":{"line":110,"type":"if","locations":[{"start":{"line":110,"column":8},"end":{"line":110,"column":8}},{"start":{"line":110,"column":8},"end":{"line":110,"column":8}}]},"11":{"line":115,"type":"if","locations":[{"start":{"line":115,"column":8},"end":{"line":115,"column":8}},{"start":{"line":115,"column":8},"end":{"line":115,"column":8}}]},"12":{"line":120,"type":"if","locations":[{"start":{"line":120,"column":8},"end":{"line":120,"column":8}},{"start":{"line":120,"column":8},"end":{"line":120,"column":8}}]}}}}